<?xml version="1.0" encoding="UTF-8"?>
<testsuite name="Run on Firefox"
           tests="3"
           failures="0"
           errors="0"
           skipped="0"
           time="17.628">
  <properties />
  
  
            <testcase name="Display_03_9_Product" time="7.383" classname="com.nopcommerce.user.Function_06_Display_Paging" />
                <testcase name="Display_02_6_Product" time="7.369" classname="com.nopcommerce.user.Function_06_Display_Paging" />
                <testcase name="Display_01_3_Product" time="2.876" classname="com.nopcommerce.user.Function_06_Display_Paging" />
      
</testsuite>
