<?xml version="1.0" encoding="UTF-8"?>
<testsuite name="Run on Firefox"
           tests="6"
           failures="0"
           errors="0"
           skipped="0"
           time="12.065">
  <properties />
  
  
            <testcase name="Login_04_Email_Exiting_Empty_Password" time="3.154" classname="com.nopcommerce.user.Function_02_Login" />
                <testcase name="Login_02_Invalid_Email" time="1.535" classname="com.nopcommerce.user.Function_02_Login" />
                <testcase name="Login_03_Email_Not_Found" time="1.856" classname="com.nopcommerce.user.Function_02_Login" />
                <testcase name="Login_06_Email_Exiting_Correct_Password" time="2.601" classname="com.nopcommerce.user.Function_02_Login" />
                <testcase name="Login_01_Empty_Data" time="1.132" classname="com.nopcommerce.user.Function_02_Login" />
                <testcase name="Login_05_Email_Exiting_Incorrect_Password" time="1.787" classname="com.nopcommerce.user.Function_02_Login" />
      
</testsuite>
