<?xml version="1.0" encoding="UTF-8"?>
<testsuite name="Run on Firefox"
           tests="4"
           failures="0"
           errors="0"
           skipped="0"
           time="21.593">
  <properties />
  
  
            <testcase name="My_Account_03_Change_Password" time="7.209" classname="com.nopcommerce.user.Function_03_My_Account" />
                <testcase name="My_Account_01_Customer_Info" time="3.018" classname="com.nopcommerce.user.Function_03_My_Account" />
                <testcase name="My_Account_02_Address" time="3.018" classname="com.nopcommerce.user.Function_03_My_Account" />
                <testcase name="My_Account_04_My_Product_Reviews" time="8.348" classname="com.nopcommerce.user.Function_03_My_Account" />
      
</testsuite>
