<?xml version="1.0" encoding="UTF-8"?>
<testsuite name="Run on Firefox"
           tests="8"
           failures="0"
           errors="0"
           skipped="0"
           time="6.753">
  <properties />
  
  
            <testcase name="Search_07_Incorrect_Manufacturer" time="1.045" classname="com.nopcommerce.user.Function_04_Search_Advanced_Search" />
                <testcase name="Search_02_Data_Not_Exit" time="0.519" classname="com.nopcommerce.user.Function_04_Search_Advanced_Search" />
                <testcase name="Search_05_Parent_Categories" time="1.251" classname="com.nopcommerce.user.Function_04_Search_Advanced_Search" />
                <testcase name="Search_06_Sub_Categories" time="1.015" classname="com.nopcommerce.user.Function_04_Search_Advanced_Search" />
                <testcase name="Search_08_Correct_Manufacturer" time="1.006" classname="com.nopcommerce.user.Function_04_Search_Advanced_Search" />
                <testcase name="Search_01_Empty_Data" time="0.560" classname="com.nopcommerce.user.Function_04_Search_Advanced_Search" />
                <testcase name="Search_03_Search_Relative" time="0.663" classname="com.nopcommerce.user.Function_04_Search_Advanced_Search" />
                <testcase name="Search_04_Search_Absolute" time="0.694" classname="com.nopcommerce.user.Function_04_Search_Advanced_Search" />
      
</testsuite>
